\BOOKMARK [0][-]{chapter*.1}{Contents}{}% 1
\BOOKMARK [0][-]{chapter.1}{Introduction}{}% 2
\BOOKMARK [1][-]{section.1.1}{General Context}{chapter.1}% 3
\BOOKMARK [1][-]{section.1.2}{The Problem}{chapter.1}% 4
\BOOKMARK [1][-]{section.1.3}{Motivation}{chapter.1}% 5
\BOOKMARK [1][-]{section.1.4}{Proposal}{chapter.1}% 6
\BOOKMARK [1][-]{section.1.5}{Hypothesis}{chapter.1}% 7
\BOOKMARK [2][-]{subsection.1.5.1}{Hypothesis statement}{section.1.5}% 8
\BOOKMARK [2][-]{subsection.1.5.2}{Objectives}{section.1.5}% 9
\BOOKMARK [1][-]{section.1.6}{Validation}{chapter.1}% 10
\BOOKMARK [1][-]{section.1.7}{Methodology}{chapter.1}% 11
\BOOKMARK [1][-]{section.1.8}{Estructura del Documento}{chapter.1}% 12
\BOOKMARK [0][-]{chapter.2}{Framework Conceptual}{}% 13
\BOOKMARK [1][-]{section.2.1}{Definiciones B\341sicas}{chapter.2}% 14
\BOOKMARK [1][-]{section.2.2}{Browser}{chapter.2}% 15
\BOOKMARK [2][-]{subsection.2.2.1}{Arquitectura Cliente/Servidor}{section.2.2}% 16
\BOOKMARK [2][-]{subsection.2.2.2}{HTTP: Hypertext Transfer Protocol}{section.2.2}% 17
\BOOKMARK [2][-]{subsection.2.2.3}{SSL/TLS Encriptaci\363n en capa de Transporte}{section.2.2}% 18
\BOOKMARK [2][-]{subsection.2.2.4}{SOP: Same Origin Policy}{section.2.2}% 19
\BOOKMARK [2][-]{subsection.2.2.5}{Markup Languages}{section.2.2}% 20
\BOOKMARK [2][-]{subsection.2.2.6}{CSS: Cascading Style Sheets}{section.2.2}% 21
\BOOKMARK [2][-]{subsection.2.2.7}{DOM: Document Object Model}{section.2.2}% 22
\BOOKMARK [2][-]{subsection.2.2.8}{Javascript, VBScript y otros}{section.2.2}% 23
\BOOKMARK [2][-]{subsection.2.2.9}{Geolocalizaci\363n}{section.2.2}% 24
\BOOKMARK [2][-]{subsection.2.2.10}{Speedy o Protocolo SPDY}{section.2.2}% 25
\BOOKMARK [2][-]{subsection.2.2.11}{WebWorkers}{section.2.2}% 26
\BOOKMARK [2][-]{subsection.2.2.12}{CORS: Cross-Origin Resource Sharing}{section.2.2}% 27
\BOOKMARK [2][-]{subsection.2.2.13}{Sandboxing}{section.2.2}% 28
\BOOKMARK [1][-]{section.2.3}{Arquitectura de Referencia o Reference Architecture \(RA\)}{chapter.2}% 29
\BOOKMARK [1][-]{section.2.4}{Desarrollo de Software Seguro y Dise\361o de Software Seguro}{chapter.2}% 30
\BOOKMARK [1][-]{section.2.5}{Patrones}{chapter.2}% 31
\BOOKMARK [1][-]{section.2.6}{Patrones de Seguridad}{chapter.2}% 32
\BOOKMARK [1][-]{section.2.7}{Patrones de Mal Uso}{chapter.2}% 33
\BOOKMARK [0][-]{chapter.3}{Browsers existentes y Estado del Arte}{}% 34
\BOOKMARK [1][-]{section.3.1}{Navegadores Existentes}{chapter.3}% 35
\BOOKMARK [2][-]{subsection.3.1.1}{Google Chrome y Google Chromium}{section.3.1}% 36
\BOOKMARK [2][-]{subsection.3.1.2}{Internet Explorer}{section.3.1}% 37
\BOOKMARK [2][-]{subsection.3.1.3}{Firefox}{section.3.1}% 38
\BOOKMARK [1][-]{section.3.2}{Arquitectura de Referencia del Browser y Patrones}{chapter.3}% 39
\BOOKMARK [1][-]{section.3.3}{Evoluci\363n y Seguridad en el Browser}{chapter.3}% 40
\BOOKMARK [2][-]{subsection.3.3.1}{Estandarizaciones}{section.3.3}% 41
\BOOKMARK [2][-]{subsection.3.3.2}{Vulnerabilidades}{section.3.3}% 42
\BOOKMARK [2][-]{subsection.3.3.3}{Amenazas}{section.3.3}% 43
\BOOKMARK [2][-]{subsection.3.3.4}{Medidas de Mitigaci\363n o Mecanismos de Defensa}{section.3.3}% 44
\BOOKMARK [1][-]{section.3.4}{Sumario}{chapter.3}% 45
\BOOKMARK [0][-]{chapter.4}{Arquitectura de Referencia del Browser}{}% 46
\BOOKMARK [1][-]{section.4.1}{Casos de Uso del Browser}{chapter.4}% 47
\BOOKMARK [2][-]{subsection.4.1.1}{Stakeholders \(actores\) y Concerns de estos}{section.4.1}% 48
\BOOKMARK [2][-]{subsection.4.1.2}{Casos de Uso}{section.4.1}% 49
\BOOKMARK [1][-]{section.4.2}{Patr\363n Broker/Frame/Browser Engine/Process \(BP\)}{chapter.4}% 50
\BOOKMARK [1][-]{section.4.3}{Patr\363n Rendering Engine \(RE\)}{chapter.4}% 51
\BOOKMARK [1][-]{section.4.4}{Patr\363n User Interface}{chapter.4}% 52
\BOOKMARK [1][-]{section.4.5}{Patr\363n Plugin}{chapter.4}% 53
\BOOKMARK [0][-]{chapter.5}{Patrones de Mal Uso}{}% 54
\BOOKMARK [1][-]{section.5.1}{Identificando Amenazas}{chapter.5}% 55
\BOOKMARK [1][-]{section.5.2}{Template de Patrones de Mal Uso}{chapter.5}% 56
\BOOKMARK [0][-]{chapter.6}{Discusi\363n}{}% 57
\BOOKMARK [0][-]{chapter.7}{Conclusiones}{}% 58
\BOOKMARK [1][-]{section.7.1}{Contribuciones}{chapter.7}% 59
\BOOKMARK [1][-]{section.7.2}{Trabajo Futuro}{chapter.7}% 60
\BOOKMARK [0][-]{appendix.A}{Anexos}{}% 61
